<?xml version="1.0" encoding="UTF-8" ?>
<testsuite errors="0" failures="0" hostname="Krpa-HP" name="hr.fer.zemris.bool.fimpl.OperatorTreeTests" skipped="0" tests="1" time="0.006" timestamp="2014-05-13T16:22:50">
  <properties>
    <property name="java.vendor" value="Oracle Corporation" />
    <property name="sun.java.launcher" value="SUN_STANDARD" />
    <property name="sun.management.compiler" value="HotSpot Client Compiler" />
    <property name="dist" value="C:\FER\Java\workspaceNew\HW09-2\dist" />
    <property name="lib" value="C:\FER\Java\workspaceNew\HW09-2\lib" />
    <property name="os.name" value="Windows 7" />
    <property name="sun.boot.class.path" value="C:\Program Files (x86)\Java\jdk1.7.0_55\jre\lib\resources.jar;C:\Program Files (x86)\Java\jdk1.7.0_55\jre\lib\rt.jar;C:\Program Files (x86)\Java\jdk1.7.0_55\jre\lib\sunrsasign.jar;C:\Program Files (x86)\Java\jdk1.7.0_55\jre\lib\jsse.jar;C:\Program Files (x86)\Java\jdk1.7.0_55\jre\lib\jce.jar;C:\Program Files (x86)\Java\jdk1.7.0_55\jre\lib\charsets.jar;C:\Program Files (x86)\Java\jdk1.7.0_55\jre\lib\jfr.jar;C:\Program Files (x86)\Java\jdk1.7.0_55\jre\classes" />
    <property name="TODAY" value="May 13 2014" />
    <property name="user.country.format" value="HR" />
    <property name="findbugs.home" value="C:/usr/findbugs-2.0.3" />
    <property name="sun.desktop" value="windows" />
    <property name="java.vm.specification.vendor" value="Oracle Corporation" />
    <property name="ant.home" value="C:\usr\apache-ant-1.9.3" />
    <property name="java.runtime.version" value="1.7.0_55-b13" />
    <property name="checkstyle.jar" value="checkstyle-5.7-all.jar" />
    <property name="user.name" value="Krpa" />
    <property name="user.language.format" value="hr" />
    <property name="ant.file.type.HW09-0036478618" value="file" />
    <property name="src.java" value="C:\FER\Java\workspaceNew\HW09-2\src\main\java" />
    <property name="dist.lib" value="C:\FER\Java\workspaceNew\HW09-2\dist\lib" />
    <property name="user.language" value="en" />
    <property name="build" value="C:\FER\Java\workspaceNew\HW09-2\build" />
    <property name="sun.boot.library.path" value="C:\Program Files (x86)\Java\jdk1.7.0_55\jre\bin" />
    <property name="ant.project.default-target" value="jar" />
    <property name="ant.project.name" value="HW09-0036478618" />
    <property name="DSTAMP" value="20140513" />
    <property name="java.version" value="1.7.0_55" />
    <property name="user.timezone" value="" />
    <property name="sun.arch.data.model" value="32" />
    <property name="java.endorsed.dirs" value="C:\Program Files (x86)\Java\jdk1.7.0_55\jre\lib\endorsed" />
    <property name="sun.cpu.isalist" value="pentium_pro+mmx pentium_pro pentium+mmx pentium i486 i386 i86" />
    <property name="sun.jnu.encoding" value="Cp1250" />
    <property name="file.encoding.pkg" value="sun.io" />
    <property name="file.separator" value="\" />
    <property name="java.specification.name" value="Java Platform API Specification" />
    <property name="jacoco.home" value="C:/usr/jacoco-0.7.0" />
    <property name="checkstyle.home" value="C:/usr/checkstyle-5.7" />
    <property name="java.class.version" value="51.0" />
    <property name="src" value="C:\FER\Java\workspaceNew\HW09-2\src" />
    <property name="user.country" value="US" />
    <property name="java.home" value="C:\Program Files (x86)\Java\jdk1.7.0_55\jre" />
    <property name="java.vm.info" value="mixed mode, sharing" />
    <property name="ant.file" value="C:\FER\Java\workspaceNew\HW09-2\build.xml" />
    <property name="os.version" value="6.1" />
    <property name="path.separator" value=";" />
    <property name="java.vm.version" value="24.55-b03" />
    <property name="user.variant" value="" />
    <property name="ant.library.dir" value="C:\usr\apache-ant-1.9.3\lib" />
    <property name="java.awt.printerjob" value="sun.awt.windows.WPrinterJob" />
    <property name="sun.io.unicode.encoding" value="UnicodeLittle" />
    <property name="awt.toolkit" value="sun.awt.windows.WToolkit" />
    <property name="_jacoco.agentFile" value="C:\Users\Krpa\AppData\Local\Temp\jacocoagent3556691666570441609.jar" />
    <property name="xalan.home" value="C:/usr/xalan-j_2_7_1" />
    <property name="user.script" value="" />
    <property name="user.home" value="C:\Users\Krpa" />
    <property name="java.specification.vendor" value="Oracle Corporation" />
    <property name="java.library.path" value="C:\Program Files (x86)\Java\jdk1.7.0_55\jre\bin;C:\Windows\Sun\Java\bin;C:\Windows\system32;C:\Windows;c:\Program Files (x86)\Intel\iCLS Client\;c:\Program Files\Intel\iCLS Client\;C:\Windows\system32;C:\Windows;C:\Windows\System32\Wbem;C:\Windows\System32\WindowsPowerShell\v1.0\;C:\Program Files (x86)\ATI Technologies\ATI.ACE\Core-Static;C:\Program Files\Intel\Intel(R) Management Engine Components\DAL;C:\Program Files\Intel\Intel(R) Management Engine Components\IPT;C:\Program Files (x86)\Intel\Intel(R) Management Engine Components\DAL;C:\Program Files (x86)\Intel\Intel(R) Management Engine Components\IPT;C:\Program Files (x86)\Intel\OpenCL SDK\3.0\bin\x86;C:\Program Files (x86)\Intel\OpenCL SDK\3.0\bin\x64;C:\Program Files (x86)\Java\jdk1.7.0_55\bin;C:\Program Files (x86)\Java\jdk1.7.0_55\jre\bin;C:\usr\apache-ant-1.9.3\bin;;." />
    <property name="java.vendor.url" value="http://java.oracle.com/" />
    <property name="java.vm.vendor" value="Oracle Corporation" />
    <property name="java.runtime.name" value="Java(TM) SE Runtime Environment" />
    <property name="sun.java.command" value="org.apache.tools.ant.taskdefs.optional.junit.JUnitTestRunner testsfile=C:\FER\Java\workspaceNew\HW09-2\junittestcases5588717417821350410.properties skipNonTests=false filtertrace=true haltOnError=false haltOnFailure=true formatter=org.apache.tools.ant.taskdefs.optional.junit.SummaryJUnitResultFormatter showoutput=false outputtoformatters=true logfailedtests=true logtestlistenerevents=false formatter=org.apache.tools.ant.taskdefs.optional.junit.PlainJUnitResultFormatter,C:\FER\Java\workspaceNew\HW09-2\dist\test-reports\xml\IGNORETHIS.txt formatter=org.apache.tools.ant.taskdefs.optional.junit.XMLJUnitResultFormatter,C:\FER\Java\workspaceNew\HW09-2\dist\test-reports\xml\IGNORETHIS.xml crashfile=C:\FER\Java\workspaceNew\HW09-2\junitvmwatcher7970241703280043893.properties propsfile=C:\FER\Java\workspaceNew\HW09-2\junit7027322508621282103.properties" />
    <property name="java.class.path" value="C:\FER\Java\workspaceNew\HW09-2\build\classes;C:\FER\Java\workspaceNew\HW09-2\build\test;C:\usr\junit-4.11\hamcrest-core-1.3.jar;C:\usr\junit-4.11\junit-4.11.jar;C:\usr\apache-ant-1.9.3\lib\ant-launcher.jar;C:\usr\apache-ant-1.9.3\lib\ant.jar;C:\usr\apache-ant-1.9.3\lib\ant-junit.jar;C:\usr\apache-ant-1.9.3\lib\ant-junit4.jar;C:\Users\Krpa\AppData\Local\Temp\jacocoagent3556691666570441609.jar" />
    <property name="ant.version" value="Apache Ant(TM) version 1.9.3 compiled on December 23 2013" />
    <property name="TSTAMP" value="1822" />
    <property name="java.vm.specification.name" value="Java Virtual Machine Specification" />
    <property name="ant.file.type" value="file" />
    <property name="program" value="hr.fer.zemris.java.sorters.Glavni" />
    <property name="java.vm.specification.version" value="1.7" />
    <property name="build.classes" value="C:\FER\Java\workspaceNew\HW09-2\build\classes" />
    <property name="sun.cpu.endian" value="little" />
    <property name="sun.os.patch.level" value="Service Pack 1" />
    <property name="src.test" value="C:\FER\Java\workspaceNew\HW09-2\src\test\java" />
    <property name="java.io.tmpdir" value="C:\Users\Krpa\AppData\Local\Temp\" />
    <property name="pmd.home" value="C:/usr/pmd-bin-5.1.0" />
    <property name="java.vendor.url.bug" value="http://bugreport.sun.com/bugreport/" />
    <property name="os.arch" value="x86" />
    <property name="java.awt.graphicsenv" value="sun.awt.Win32GraphicsEnvironment" />
    <property name="java.ext.dirs" value="C:\Program Files (x86)\Java\jdk1.7.0_55\jre\lib\ext;C:\Windows\Sun\Java\lib\ext" />
    <property name="user.dir" value="C:\FER\Java\workspaceNew\HW09-2" />
    <property name="line.separator" value="&#xd;&#xa;" />
    <property name="java.vm.name" value="Java HotSpot(TM) Client VM" />
    <property name="basedir" value="C:\FER\Java\workspaceNew\HW09-2" />
    <property name="junit.home" value="C:/usr/junit-4.11" />
    <property name="ant.java.version" value="1.7" />
    <property name="ant.core.lib" value="C:\usr\apache-ant-1.9.3\lib\ant.jar" />
    <property name="checkstyle.style" value="sun_checks_2.xml" />
    <property name="file.encoding" value="Cp1250" />
    <property name="build.test" value="C:\FER\Java\workspaceNew\HW09-2\build\test" />
    <property name="edu.umd.cs.findbugs.FindBugs2.executeReturnCode.b9758afa-d3a5-4924-b167-17a80478068f" value="1" />
    <property name="java.specification.version" value="1.7" />
    <property name="ant.project.invoked-targets" value="quality" />
    <property name="ant.file.HW09-0036478618" value="C:\FER\Java\workspaceNew\HW09-2\build.xml" />
  </properties>
  <testcase classname="hr.fer.zemris.bool.fimpl.OperatorTreeTests" name="OperatorTreeBFtest1" time="0.002" />
  <system-out><![CDATA[]]></system-out>
  <system-err><![CDATA[]]></system-err>
</testsuite>
